<?xml version="1.0" encoding="UTF-8"?>
<testsuite xmlns:xsi="http://www.w3.org/2001/XMLSchema-instance" xsi:noNamespaceSchemaLocation="https://maven.apache.org/surefire/maven-surefire-plugin/xsd/surefire-test-report-3.0.xsd" version="3.0" name="com.datalathe.client.model.DatalatheResultSetTest" time="0.027" tests="13" errors="0" skipped="0" failures="0">
  <properties>
[...]
</properties>
  <testcase name="testEmptyResultSet" classname="com.datalathe.client.model.DatalatheResultSetTest" time="0.009"/>
  <testcase name="testNext" classname="com.datalathe.client.model.DatalatheResultSetTest" time="0.0"/>
  <testcase name="testFindColumn" classname="com.datalathe.client.model.DatalatheResultSetTest" time="0.001"/>
  <testcase name="testGetObjectWithType" classname="com.datalathe.client.model.DatalatheResultSetTest" time="0.001"/>
  <testcase name="testGetBoolean" classname="com.datalathe.client.model.DatalatheResultSetTest" time="0.001"/>
  <testcase name="testWasNull" classname="com.datalathe.client.model.DatalatheResultSetTest" time="0.0"/>
  <testcase name="testGetMetaData" classname="com.datalathe.client.model.DatalatheResultSetTest" time="0.0"/>
  <testcase name="testGetDouble" classname="com.datalathe.client.model.DatalatheResultSetTest" time="0.0"/>
  <testcase name="testNavigation" classname="com.datalathe.client.model.DatalatheResultSetTest" time="0.0"/>
  <testcase name="testGetObject" classname="com.datalathe.client.model.DatalatheResultSetTest" time="0.0"/>
  <testcase name="testGetInt" classname="com.datalathe.client.model.DatalatheResultSetTest" time="0.0"/>
  <testcase name="testGetRow" classname="com.datalathe.client.model.DatalatheResultSetTest" time="0.001"/>
  <testcase name="testGetString" classname="com.datalathe.client.model.DatalatheResultSetTest" time="0.0"/>
</testsuite>